[2020-05-13 14:36:29,585] INFO org.github.dragos.vscode.Main$ - Starting server in /Users/lh_os/Desktop/front-end-knowledge-point
[2020-05-13 14:36:29,585] INFO org.github.dragos.vscode.Main$ - Starting server in /Users/lh_os/Desktop/front-end-knowledge-point
[2020-05-13 14:36:29,593] INFO org.github.dragos.vscode.Main$ - Classpath: /Users/lh_os/.vscode/extensions/dragos.scala-lsp-0.2.3/coursier
[2020-05-13 14:36:29,593] INFO org.github.dragos.vscode.Main$ - Classpath: /Users/lh_os/.vscode/extensions/dragos.scala-lsp-0.2.3/coursier
[2020-05-13 14:36:29,797] DEBUG langserver.core.MessageReader - Received headers:
Content-Length: 1221
[2020-05-13 14:36:29,797] DEBUG langserver.core.MessageReader - Received headers:
Content-Length: 1221
[2020-05-13 14:36:29,828] DEBUG langserver.core.Connection - Received {"jsonrpc":"2.0","id":0,"method":"initialize","params":{"processId":81877,"rootPath":"/Users/lh_os/Desktop/front-end-knowledge-point","rootUri":"file:///Users/lh_os/Desktop/front-end-knowledge-point","capabilities":{"workspace":{"applyEdit":true,"didChangeConfiguration":{"dynamicRegistration":false},"didChangeWatchedFiles":{"dynamicRegistration":false},"symbol":{"dynamicRegistration":true},"executeCommand":{"dynamicRegistration":true}},"textDocument":{"synchronization":{"dynamicRegistration":true,"willSave":true,"willSaveWaitUntil":true,"didSave":true},"completion":{"dynamicRegistration":true,"completionItem":{"snippetSupport":true}},"hover":{"dynamicRegistration":true},"signatureHelp":{"dynamicRegistration":true},"references":{"dynamicRegistration":true},"documentHighlight":{"dynamicRegistration":true},"documentSymbol":{"dynamicRegistration":true},"formatting":{"dynamicRegistration":true},"rangeFormatting":{"dynamicRegistration":true},"onTypeFormatting":{"dynamicRegistration":true},"definition":{"dynamicRegistration":true},"codeAction":{"dynamicRegistration":true},"codeLens":{"dynamicRegistration":true},"documentLink":{"dynamicRegistration":true},"rename":{"dynamicRegistration":true}}},"trace":"off"}}
[2020-05-13 14:36:29,828] DEBUG langserver.core.Connection - Received {"jsonrpc":"2.0","id":0,"method":"initialize","params":{"processId":81877,"rootPath":"/Users/lh_os/Desktop/front-end-knowledge-point","rootUri":"file:///Users/lh_os/Desktop/front-end-knowledge-point","capabilities":{"workspace":{"applyEdit":true,"didChangeConfiguration":{"dynamicRegistration":false},"didChangeWatchedFiles":{"dynamicRegistration":false},"symbol":{"dynamicRegistration":true},"executeCommand":{"dynamicRegistration":true}},"textDocument":{"synchronization":{"dynamicRegistration":true,"willSave":true,"willSaveWaitUntil":true,"didSave":true},"completion":{"dynamicRegistration":true,"completionItem":{"snippetSupport":true}},"hover":{"dynamicRegistration":true},"signatureHelp":{"dynamicRegistration":true},"references":{"dynamicRegistration":true},"documentHighlight":{"dynamicRegistration":true},"documentSymbol":{"dynamicRegistration":true},"formatting":{"dynamicRegistration":true},"rangeFormatting":{"dynamicRegistration":true},"onTypeFormatting":{"dynamicRegistration":true},"definition":{"dynamicRegistration":true},"codeAction":{"dynamicRegistration":true},"codeLens":{"dynamicRegistration":true},"documentLink":{"dynamicRegistration":true},"rename":{"dynamicRegistration":true}}},"trace":"off"}}
[2020-05-13 14:36:30,316] INFO org.github.dragos.vscode.EnsimeLanguageServer - Initialized with 81877, /Users/lh_os/Desktop/front-end-knowledge-point, ClientCapabilities()
[2020-05-13 14:36:30,316] INFO org.github.dragos.vscode.EnsimeLanguageServer - Initialized with 81877, /Users/lh_os/Desktop/front-end-knowledge-point, ClientCapabilities()
[2020-05-13 14:36:30,318] DEBUG org.github.dragos.vscode.EnsimeLanguageServer - ensime.config = "/Users/lh_os/Desktop/front-end-knowledge-point/.ensime" 
[2020-05-13 14:36:30,318] DEBUG org.github.dragos.vscode.EnsimeLanguageServer - ensime.config = "/Users/lh_os/Desktop/front-end-knowledge-point/.ensime" 
[2020-05-13 14:36:30,893] INFO akka.event.slf4j.Slf4jLogger - Slf4jLogger started
[2020-05-13 14:36:31,077] ERROR org.github.dragos.vscode.EnsimeLanguageServer - initializeEnsime Error: /Users/lh_os/Desktop/front-end-knowledge-point/.ensime
[2020-05-13 14:36:31,077] ERROR org.github.dragos.vscode.EnsimeLanguageServer - initializeEnsime Error: /Users/lh_os/Desktop/front-end-knowledge-point/.ensime
[2020-05-13 14:36:31,179] DEBUG langserver.core.MessageWriter - Content-Length: 146



{"jsonrpc":"2.0","method":"window/showMessage","params":{"tpe":1,"message":"No .ensime file in directory. Run `sbt ensimeConfig` to create one."}}
[2020-05-13 14:36:31,179] DEBUG langserver.core.MessageWriter - Content-Length: 146



{"jsonrpc":"2.0","method":"window/showMessage","params":{"tpe":1,"message":"No .ensime file in directory. Run `sbt ensimeConfig` to create one."}}
[2020-05-13 14:36:31,179] DEBUG langserver.core.MessageWriter - payload: {"jsonrpc":"2.0","method":"window/showMessage","params":{"tpe":1,"message":"No .ensime file in directory. Run `sbt ensimeConfig` to create one."}}
[2020-05-13 14:36:31,179] DEBUG langserver.core.MessageWriter - payload: {"jsonrpc":"2.0","method":"window/showMessage","params":{"tpe":1,"message":"No .ensime file in directory. Run `sbt ensimeConfig` to create one."}}
[2020-05-13 14:36:31,318] DEBUG langserver.core.MessageWriter - Content-Length: 441



{"jsonrpc":"2.0","result":{"capabilities":{"textDocumentSync":1,"hoverProvider":true,"completionProvider":{"resolveProvider":false,"triggerCharacters":["."]},"definitionProvider":true,"referencesProvider":false,"documentHighlightProvider":false,"documentSymbolProvider":true,"workspaceSymbolProvider":false,"codeActionProvider":false,"documentFormattingProvider":false,"documentRangeFormattingProvider":false,"renameProvider":false}},"id":0}
[2020-05-13 14:36:31,318] DEBUG langserver.core.MessageWriter - Content-Length: 441



{"jsonrpc":"2.0","result":{"capabilities":{"textDocumentSync":1,"hoverProvider":true,"completionProvider":{"resolveProvider":false,"triggerCharacters":["."]},"definitionProvider":true,"referencesProvider":false,"documentHighlightProvider":false,"documentSymbolProvider":true,"workspaceSymbolProvider":false,"codeActionProvider":false,"documentFormattingProvider":false,"documentRangeFormattingProvider":false,"renameProvider":false}},"id":0}
[2020-05-13 14:36:31,318] DEBUG langserver.core.MessageWriter - payload: {"jsonrpc":"2.0","result":{"capabilities":{"textDocumentSync":1,"hoverProvider":true,"completionProvider":{"resolveProvider":false,"triggerCharacters":["."]},"definitionProvider":true,"referencesProvider":false,"documentHighlightProvider":false,"documentSymbolProvider":true,"workspaceSymbolProvider":false,"codeActionProvider":false,"documentFormattingProvider":false,"documentRangeFormattingProvider":false,"renameProvider":false}},"id":0}
[2020-05-13 14:36:31,318] DEBUG langserver.core.MessageWriter - payload: {"jsonrpc":"2.0","result":{"capabilities":{"textDocumentSync":1,"hoverProvider":true,"completionProvider":{"resolveProvider":false,"triggerCharacters":["."]},"definitionProvider":true,"referencesProvider":false,"documentHighlightProvider":false,"documentSymbolProvider":true,"workspaceSymbolProvider":false,"codeActionProvider":false,"documentFormattingProvider":false,"documentRangeFormattingProvider":false,"renameProvider":false}},"id":0}
[2020-05-13 14:36:31,321] DEBUG langserver.core.MessageReader - Received headers:
Content-Length: 52
[2020-05-13 14:36:31,321] DEBUG langserver.core.MessageReader - Received headers:
Content-Length: 52
[2020-05-13 14:36:31,328] DEBUG langserver.core.Connection - Received {"jsonrpc":"2.0","method":"initialized","params":{}}
[2020-05-13 14:36:31,328] DEBUG langserver.core.Connection - Received {"jsonrpc":"2.0","method":"initialized","params":{}}
[2020-05-13 14:36:31,356] ERROR org.github.dragos.vscode.EnsimeLanguageServer - Unknown notification Initialized()
[2020-05-13 14:36:31,356] ERROR org.github.dragos.vscode.EnsimeLanguageServer - Unknown notification Initialized()
[2020-05-13 14:46:54,800] DEBUG langserver.core.MessageReader - Received headers:
Content-Length: 58
[2020-05-13 14:46:54,800] DEBUG langserver.core.MessageReader - Received headers:
Content-Length: 58
[2020-05-13 14:46:54,814] DEBUG langserver.core.Connection - Received {"jsonrpc":"2.0","id":1,"method":"shutdown","params":null}
[2020-05-13 14:46:54,814] DEBUG langserver.core.Connection - Received {"jsonrpc":"2.0","id":1,"method":"shutdown","params":null}
[2020-05-13 14:46:55,036] DEBUG langserver.core.MessageWriter - Content-Length: 198



{"jsonrpc":"2.0","error":{"code":-32602,"message":"Invalid params","data":{"meaning":"Invalid method parameter(s).","error":{"obj":[{"msg":["command parameters must be given"],"args":[]}]}}},"id":1}
[2020-05-13 14:46:55,036] DEBUG langserver.core.MessageWriter - Content-Length: 198



{"jsonrpc":"2.0","error":{"code":-32602,"message":"Invalid params","data":{"meaning":"Invalid method parameter(s).","error":{"obj":[{"msg":["command parameters must be given"],"args":[]}]}}},"id":1}
[2020-05-13 14:46:55,036] DEBUG langserver.core.MessageWriter - payload: {"jsonrpc":"2.0","error":{"code":-32602,"message":"Invalid params","data":{"meaning":"Invalid method parameter(s).","error":{"obj":[{"msg":["command parameters must be given"],"args":[]}]}}},"id":1}
[2020-05-13 14:46:55,036] DEBUG langserver.core.MessageWriter - payload: {"jsonrpc":"2.0","error":{"code":-32602,"message":"Invalid params","data":{"meaning":"Invalid method parameter(s).","error":{"obj":[{"msg":["command parameters must be given"],"args":[]}]}}},"id":1}
[2020-05-13 14:46:55,123] INFO langserver.core.MessageReader - End of stream, terminating thread
[2020-05-13 14:46:55,123] INFO langserver.core.MessageReader - End of stream, terminating thread
[2020-05-13 14:46:55,124] INFO org.github.dragos.vscode.EnsimeLanguageServer - Shutdown request
[2020-05-13 14:46:55,124] INFO org.github.dragos.vscode.EnsimeLanguageServer - Shutdown request
[2020-05-13 14:46:55,125] INFO org.github.dragos.vscode.EnsimeLanguageServer - Shutting down actor system.
[2020-05-13 14:46:55,125] INFO org.github.dragos.vscode.EnsimeLanguageServer - Shutting down actor system.
[2020-05-13 14:46:55,209] INFO org.github.dragos.vscode.EnsimeLanguageServer - Actor system down.
[2020-05-13 14:46:55,209] INFO org.github.dragos.vscode.EnsimeLanguageServer - Actor system down.
